<?xml version="1.0" encoding="UTF-8"?>
<!-- Generated by org.testng.reporters.JUnitXMLReporter -->
<testsuite ignored="0" hostname="DESKTOP-OLAK0N7" failures="0" tests="1" name="Default test(failed)" time="19.682" errors="0" timestamp="05 Apr 2021 00:33:20 GMT">
  <testcase classname="learnautomation.base.BaseClass" name="@AfterClass quitApp" time="0.0">
    <failure type="org.testng.TestNGException" message="
Can inject only one of &amp;lt;ITestContext, XmlTest&amp;gt; into a @AfterClass annotated quitApp.
For more information on native dependency injection please refer to http://testng.org/doc/documentation-main.html#native-dependency-injection">
      <![CDATA[org.testng.TestNGException: 
Can inject only one of <ITestContext, XmlTest> into a @AfterClass annotated quitApp.
For more information on native dependency injection please refer to http://testng.org/doc/documentation-main.html#native-dependency-injection
... Removed 23 stack frames]]>
    </failure>
  </testcase> <!-- @AfterClass quitApp -->
  <testcase classname="learnautomation.testcases.RegisterPageTest" name="regApp" time="14.255"/>
</testsuite> <!-- Default test(failed) -->
