<?xml version="1.0" encoding="UTF-8"?>
<testng-results ignored="0" total="1" passed="1" failed="0" skipped="0">
  <reporter-output>
  </reporter-output>
  <suite started-at="2021-04-06T20:52:18Z" name="Default suite" finished-at="2021-04-06T20:52:33Z" duration-ms="15348">
    <groups>
    </groups>
    <test started-at="2021-04-06T20:52:18Z" name="Default test" finished-at="2021-04-06T20:52:33Z" duration-ms="15348">
      <class name="learnautomation.testcases.LoginPageTest">
        <test-method is-config="true" signature="SetupSuite()[pri:0, instance:learnautomation.testcases.LoginPageTest@368247b9]" started-at="2021-04-06T20:52:16Z" name="SetupSuite" finished-at="2021-04-06T20:52:18Z" duration-ms="1698" status="PASS">
          <reporter-output>
          </reporter-output>
        </test-method> <!-- SetupSuite -->
        <test-method is-config="true" signature="StartApp()[pri:0, instance:learnautomation.testcases.LoginPageTest@368247b9]" started-at="2021-04-06T20:52:18Z" name="StartApp" finished-at="2021-04-06T20:52:25Z" duration-ms="6502" status="PASS">
          <reporter-output>
          </reporter-output>
        </test-method> <!-- StartApp -->
        <test-method signature="signinApp()[pri:0, instance:learnautomation.testcases.LoginPageTest@368247b9]" started-at="2021-04-06T20:52:25Z" name="signinApp" finished-at="2021-04-06T20:52:31Z" duration-ms="6004" status="PASS">
          <reporter-output>
          </reporter-output>
        </test-method> <!-- signinApp -->
        <test-method is-config="true" signature="flushrep()[pri:0, instance:learnautomation.testcases.LoginPageTest@368247b9]" started-at="2021-04-06T20:52:31Z" name="flushrep" finished-at="2021-04-06T20:52:32Z" duration-ms="1217" status="PASS">
          <reporter-output>
          </reporter-output>
        </test-method> <!-- flushrep -->
        <test-method is-config="true" signature="quitApp()[pri:0, instance:learnautomation.testcases.LoginPageTest@368247b9]" started-at="2021-04-06T20:52:32Z" name="quitApp" finished-at="2021-04-06T20:52:33Z" duration-ms="1584" status="PASS">
          <reporter-output>
          </reporter-output>
        </test-method> <!-- quitApp -->
      </class> <!-- learnautomation.testcases.LoginPageTest -->
    </test> <!-- Default test -->
  </suite> <!-- Default suite -->
</testng-results>
